{
  "RSpec": {
    "coverage": {
      "/Users/wazacza/parliament/shunter-api/spec/integration/controllers/constituencies_controller_spec.rb": [
        null,
        1,
        null,
        1,
        1,
        1,
        1,
        1,
        1,
        null,
        1,
        null,
        null,
        null,
        null,
        1,
        1,
        1,
        1,
        1,
        null,
        1,
        null,
        null,
        null,
        null,
        1,
        1,
        1,
        1,
        1,
        null,
        1,
        null,
        null,
        null,
        null,
        1,
        1,
        1,
        1,
        1,
        null,
        1,
        null,
        null,
        null,
        null
      ],
      "/Users/wazacza/parliament/shunter-api/spec/rails_helper.rb": [
        null,
        1,
        1,
        1,
        null,
        1,
        1,
        null,
        null,
        null,
        null,
        null,
        null,
        null,
        null,
        null,
        null,
        null,
        null,
        null,
        null,
        null,
        null,
        null,
        1,
        null,
        null,
        null,
        null,
        null,
        null,
        null,
        null,
        null,
        null,
        null,
        null,
        null,
        1,
        null,
        null,
        1,
        null,
        null,
        null,
        null,
        2,
        1,
        null
      ],
      "/Users/wazacza/parliament/shunter-api/config/environment.rb": [
        null,
        1,
        null,
        null,
        1
      ],
      "/Users/wazacza/parliament/shunter-api/config/application.rb": [
        1,
        null,
        1,
        null,
        1,
        1,
        null,
        1,
        1,
        1,
        1,
        1,
        null,
        null,
        null,
        null,
        1,
        null,
        1,
        1,
        1,
        null,
        1,
        1,
        null,
        1,
        1,
        null,
        null,
        null,
        null,
        null,
        null,
        null,
        null,
        null,
        null,
        null,
        null,
        null,
        null,
        null,
        1,
        null,
        null,
        1,
        null,
        1,
        0,
        null,
        null,
        null
      ],
      "/Users/wazacza/parliament/shunter-api/config/boot.rb": [
        1,
        null,
        1
      ],
      "/Users/wazacza/parliament/shunter-api/config/environments/test.rb": [
        1,
        null,
        null,
        null,
        null,
        null,
        null,
        1,
        null,
        null,
        null,
        null,
        1,
        null,
        null,
        1,
        1,
        null,
        null,
        null,
        null,
        1,
        1,
        null,
        null,
        1,
        null,
        null,
        1,
        1,
        null,
        null,
        null,
        null,
        1,
        null,
        null,
        1,
        null,
        null,
        null,
        null
      ],
      "/Users/wazacza/parliament/shunter-api/config/routes.rb": [
        1,
        null,
        1,
        1,
        1,
        1,
        1,
        1,
        1,
        null,
        null
      ],
      "/Users/wazacza/parliament/shunter-api/spec/support/integration_fixture_helper.rb": [
        1,
        1,
        4,
        null,
        4,
        4,
        null,
        null
      ],
      "/Users/wazacza/parliament/shunter-api/app/controllers/constituencies_controller.rb": [
        1,
        1,
        null,
        1,
        1,
        1,
        0,
        0,
        0,
        1,
        1,
        0,
        0,
        null,
        null,
        1,
        1,
        46480,
        1,
        null,
        null,
        1,
        1,
        56,
        1,
        null,
        null,
        null,
        null,
        null,
        1,
        1,
        null,
        1,
        1,
        1,
        null,
        1,
        null,
        1,
        null,
        1,
        null,
        1,
        null,
        1,
        1,
        null,
        null,
        null,
        null,
        null,
        1,
        0,
        null,
        0,
        null,
        null,
        null,
        null,
        null,
        1,
        0,
        null,
        0,
        null,
        null,
        null,
        null,
        null,
        null,
        null,
        1,
        1,
        1,
        0,
        null,
        0,
        null,
        null,
        1,
        1,
        null,
        null,
        null,
        null,
        1,
        null,
        1,
        null,
        null,
        null,
        null,
        null,
        null,
        null,
        null,
        null,
        null,
        null,
        null,
        null
      ],
      "/Users/wazacza/parliament/shunter-api/app/controllers/application_controller.rb": [
        1,
        1,
        1,
        null,
        1,
        1,
        1,
        1,
        1,
        null,
        null,
        null,
        null,
        null,
        null,
        null,
        null,
        null,
        1,
        null,
        null,
        1,
        0,
        null,
        null,
        null,
        1,
        0,
        null,
        null,
        1,
        3,
        null,
        3,
        null,
        null,
        null
      ],
      "/Users/wazacza/parliament/shunter-api/app/serializers/page_serializer.rb": [
        1,
        null,
        null
      ],
      "/Users/wazacza/parliament/shunter-api/app/serializers/page_serializer/constituency_show_page_serializer.rb": [
        1,
        1,
        null,
        1,
        1,
        1,
        1,
        1,
        1,
        null,
        null,
        null,
        1,
        1,
        1,
        1,
        1,
        1,
        1,
        1,
        null,
        null,
        1,
        1,
        null,
        null,
        1,
        null,
        null,
        null,
        null,
        null,
        null,
        null,
        1,
        null,
        null,
        null,
        null
      ],
      "/Users/wazacza/parliament/shunter-api/app/serializers/page_serializer/base_page_serializer.rb": [
        1,
        1,
        null,
        1,
        0,
        null,
        null,
        1,
        null,
        null,
        null,
        null,
        null,
        null,
        3,
        null,
        null,
        1,
        null,
        1,
        3,
        3,
        3,
        3,
        3,
        null,
        null,
        1,
        null,
        3,
        null,
        null,
        null,
        null,
        null,
        1,
        0,
        null,
        null,
        1,
        3,
        null,
        null,
        null,
        null
      ],
      "/Users/wazacza/parliament/shunter-api/app/serializers/base_serializer.rb": [
        1,
        null,
        1,
        3903,
        null,
        null,
        1,
        0,
        null,
        null,
        null,
        null,
        null,
        null,
        1,
        0,
        null,
        null,
        1,
        0,
        null,
        null,
        null
      ],
      "/Users/wazacza/parliament/shunter-api/app/serializers/component_serializer.rb": [
        1,
        null,
        null
      ],
      "/Users/wazacza/parliament/shunter-api/app/serializers/component_serializer/constituency_heading_component_serializer.rb": [
        1,
        1,
        null,
        1,
        1,
        null,
        null,
        1,
        null,
        1,
        1,
        null,
        null,
        1,
        1,
        null,
        null,
        null,
        null,
        null
      ],
      "/Users/wazacza/parliament/shunter-api/app/serializers/component_serializer/base_component_serializer.rb": [
        1,
        1,
        null,
        1,
        null,
        null,
        null,
        8,
        null,
        null,
        1,
        0,
        null,
        null,
        1,
        0,
        null,
        null,
        null,
        null
      ],
      "/Users/wazacza/parliament/shunter-api/app/serializers/component_serializer/constituency_subheading_component_serializer.rb": [
        null,
        null,
        null,
        null,
        null,
        null,
        null,
        null,
        null,
        null,
        null,
        null,
        null,
        null,
        null,
        null,
        null,
        null,
        null,
        null,
        null,
        null,
        null,
        null,
        null,
        null,
        null,
        1,
        1,
        1,
        1,
        null,
        null,
        1,
        null,
        1,
        1,
        null,
        null,
        1,
        null,
        null,
        null,
        1,
        null,
        null,
        1,
        1,
        null,
        null,
        1,
        2,
        null,
        null,
        null
      ],
      "/Users/wazacza/parliament/shunter-api/app/serializers/component_serializer/map_component_serializer.rb": [
        1,
        1,
        null,
        1,
        1,
        1,
        null,
        null,
        1,
        null,
        1,
        1,
        null,
        null,
        1,
        null,
        null,
        1,
        null,
        null,
        null,
        null,
        null
      ],
      "/Users/wazacza/parliament/shunter-api/app/serializers/component_serializer/person_component_serializer.rb": [
        1,
        1,
        null,
        1,
        1,
        1,
        null,
        null,
        1,
        null,
        1,
        1,
        null,
        null,
        null,
        null,
        null,
        1,
        1,
        null,
        1,
        null,
        null,
        1,
        1,
        1,
        1,
        null,
        1,
        null,
        null,
        1,
        1,
        1,
        1,
        1,
        1,
        1,
        null,
        null,
        1,
        2,
        2,
        2,
        null,
        null,
        null,
        null
      ],
      "/Users/wazacza/parliament/shunter-api/app/serializers/component_serializer/former_seat_incumbencies_component_serializer.rb": [
        1,
        1,
        null,
        1,
        1,
        null,
        null,
        1,
        null,
        1,
        1,
        null,
        null,
        1,
        null,
        null,
        null,
        1,
        null,
        null,
        1,
        3,
        null,
        null,
        null,
        null,
        2,
        null,
        null,
        null,
        null,
        null,
        null
      ],
      "/Users/wazacza/parliament/shunter-api/app/serializers/page_serializer/list_page_serializer.rb": [
        1,
        1,
        null,
        null,
        null,
        null,
        null,
        null,
        null,
        null,
        null,
        1,
        2,
        2,
        2,
        2,
        2,
        2,
        null,
        null,
        1,
        null,
        1,
        2,
        1,
        null,
        1,
        null,
        null,
        null,
        1,
        2,
        2,
        2,
        2,
        null,
        2,
        null,
        null,
        1,
        2,
        2,
        3894,
        null,
        2,
        null,
        null,
        null,
        null
      ],
      "/Users/wazacza/parliament/shunter-api/app/serializers/component_serializer/constituency_component_serializer.rb": [
        1,
        1,
        1,
        3894,
        null,
        null,
        1,
        null,
        1,
        null,
        null,
        null,
        3894,
        null,
        null,
        1,
        3894,
        null,
        null,
        1,
        null,
        null,
        null,
        null,
        null,
        654,
        null,
        null,
        1,
        null,
        null,
        null,
        null,
        3240,
        null,
        null,
        1,
        3240,
        null,
        null,
        1,
        654,
        null,
        null,
        1,
        654,
        null,
        null,
        null
      ],
      "/Users/wazacza/parliament/shunter-api/app/serializers/component_serializer/list_title_component_serializer.rb": [
        1,
        1,
        null,
        1,
        2,
        null,
        null,
        1,
        null,
        1,
        2,
        null,
        null,
        1,
        2,
        null,
        null,
        null,
        null,
        null
      ],
      "/Users/wazacza/parliament/shunter-api/app/serializers/component_serializer/letter_navigation_component_serializer.rb": [
        1,
        1,
        null,
        1,
        2,
        2,
        2,
        null,
        null,
        1,
        null,
        1,
        2,
        null,
        1,
        2,
        52,
        null,
        52,
        null,
        null,
        null,
        1,
        null,
        1,
        52,
        null,
        null,
        null,
        null
      ]
    },
    "timestamp": 1525951401
  }
}
