{
  "RSpec": {
    "coverage": {
      "/Users/horrocksc/Parliament/shunter/shunter-api/spec/serializers/component_serializer/base_component_serializer_spec.rb": [
        1,
        null,
        1,
        null,
        1,
        1,
        null,
        0,
        null,
        null,
        null,
        1,
        1,
        0,
        0,
        null,
        null,
        null,
        1,
        1,
        1,
        1,
        1,
        1,
        null,
        null,
        null,
        null
      ],
      "/Users/horrocksc/Parliament/shunter/shunter-api/spec/rails_helper.rb": [
        null,
        1,
        1,
        1,
        null,
        1,
        1,
        null,
        null,
        null,
        null,
        null,
        null,
        null,
        null,
        null,
        null,
        null,
        null,
        null,
        null,
        null,
        null,
        null,
        1,
        null,
        null,
        null,
        null,
        null,
        null,
        null,
        null,
        null,
        null,
        null,
        null,
        null,
        1,
        null,
        null,
        1,
        null,
        null,
        null,
        null,
        2,
        1,
        null
      ],
      "/Users/horrocksc/Parliament/shunter/shunter-api/config/environment.rb": [
        null,
        1,
        null,
        null,
        1
      ],
      "/Users/horrocksc/Parliament/shunter/shunter-api/config/application.rb": [
        1,
        null,
        1,
        null,
        1,
        1,
        null,
        1,
        1,
        1,
        1,
        1,
        null,
        null,
        null,
        null,
        1,
        null,
        1,
        1,
        1,
        null,
        1,
        1,
        null,
        1,
        1,
        null,
        null,
        null,
        null,
        null,
        null,
        null,
        null,
        null,
        null,
        null,
        null,
        null,
        null,
        null,
        1,
        null,
        null,
        1,
        null,
        1,
        0,
        null,
        null,
        null
      ],
      "/Users/horrocksc/Parliament/shunter/shunter-api/config/boot.rb": [
        1,
        null,
        1
      ],
      "/Users/horrocksc/Parliament/shunter/shunter-api/config/environments/test.rb": [
        1,
        null,
        null,
        null,
        null,
        null,
        null,
        1,
        null,
        null,
        null,
        null,
        1,
        null,
        null,
        1,
        1,
        null,
        null,
        null,
        null,
        1,
        1,
        null,
        null,
        1,
        null,
        null,
        1,
        1,
        null,
        null,
        null,
        null,
        1,
        null,
        null,
        1,
        null,
        null,
        null,
        null
      ],
      "/Users/horrocksc/Parliament/shunter/shunter-api/config/routes.rb": [
        1,
        null,
        1,
        1,
        1,
        1,
        1,
        1,
        1,
        null,
        null
      ],
      "/Users/horrocksc/Parliament/shunter/shunter-api/spec/support/integration_fixture_helper.rb": [
        1,
        1,
        0,
        null,
        0,
        0,
        null,
        null
      ],
      "/Users/horrocksc/Parliament/shunter/shunter-api/app/serializers/component_serializer.rb": [
        1,
        null,
        null
      ],
      "/Users/horrocksc/Parliament/shunter/shunter-api/app/serializers/component_serializer/base_component_serializer.rb": [
        1,
        1,
        null,
        1,
        0,
        null,
        null,
        null,
        null,
        null,
        1,
        0,
        null,
        null,
        1,
        0,
        null,
        null,
        null,
        null
      ],
      "/Users/horrocksc/Parliament/shunter/shunter-api/app/serializers/base_serializer.rb": [
        1,
        null,
        1,
        0,
        null,
        null,
        1,
        0,
        null,
        null,
        null,
        null,
        null,
        null,
        1,
        1,
        null,
        null,
        1,
        0,
        null,
        null,
        null
      ]
    },
    "timestamp": 1525950500
  }
}
